mode: set
github.com/message-streaming-app/internal/message/message.go:19.21,23.2 3 1
github.com/message-streaming-app/internal/message/message.go:26.71,34.2 1 1
github.com/message-streaming-app/internal/message/message.go:37.48,46.2 2 1
github.com/message-streaming-app/internal/message/message.go:49.52,55.51 3 1
github.com/message-streaming-app/internal/message/message.go:55.51,57.3 1 0
github.com/message-streaming-app/internal/message/message.go:58.2,58.25 1 1
github.com/message-streaming-app/internal/message/message.go:58.25,60.3 1 1
github.com/message-streaming-app/internal/message/message.go:61.2,61.12 1 1
github.com/message-streaming-app/internal/protocol/frame.go:12.49,15.41 3 1
github.com/message-streaming-app/internal/protocol/frame.go:15.41,17.3 1 0
github.com/message-streaming-app/internal/protocol/frame.go:18.2,19.12 2 1
github.com/message-streaming-app/internal/protocol/frame.go:23.57,25.48 2 1
github.com/message-streaming-app/internal/protocol/frame.go:25.48,27.3 1 1
github.com/message-streaming-app/internal/protocol/frame.go:28.2,29.22 2 1
github.com/message-streaming-app/internal/protocol/frame.go:29.22,31.3 1 1
github.com/message-streaming-app/internal/protocol/frame.go:32.2,32.23 1 1
github.com/message-streaming-app/internal/protocol/frame.go:32.23,34.3 1 1
github.com/message-streaming-app/internal/protocol/frame.go:34.8,36.3 1 1
github.com/message-streaming-app/internal/protocol/frame.go:37.2,38.17 2 1
github.com/message-streaming-app/internal/metrics/handler.go:26.12,27.23 1 1
github.com/message-streaming-app/internal/metrics/handler.go:27.23,29.3 1 1
github.com/message-streaming-app/internal/metrics/handler.go:30.2,36.3 1 1
github.com/message-streaming-app/internal/metrics/handler.go:40.68,50.42 6 0
github.com/message-streaming-app/internal/metrics/handler.go:50.42,54.3 3 0
github.com/message-streaming-app/internal/metrics/handler.go:57.2,59.16 3 0
github.com/message-streaming-app/internal/metrics/handler.go:59.16,63.3 3 0
github.com/message-streaming-app/internal/metrics/handler.go:66.2,81.82 6 0
github.com/message-streaming-app/internal/metrics/handler.go:85.77,88.17 2 0
github.com/message-streaming-app/internal/metrics/handler.go:88.17,92.3 3 0
github.com/message-streaming-app/internal/metrics/handler.go:95.2,99.16 3 0
github.com/message-streaming-app/internal/metrics/handler.go:99.16,103.3 3 0
github.com/message-streaming-app/internal/metrics/handler.go:105.2,106.16 2 0
github.com/message-streaming-app/internal/metrics/handler.go:106.16,110.3 3 0
github.com/message-streaming-app/internal/metrics/handler.go:113.2,119.42 5 0
github.com/message-streaming-app/internal/metrics/handler.go:119.42,123.3 3 0
github.com/message-streaming-app/internal/metrics/handler.go:126.2,136.16 3 0
github.com/message-streaming-app/internal/metrics/handler.go:136.16,140.3 3 0
github.com/message-streaming-app/internal/metrics/handler.go:143.2,151.83 3 0
github.com/message-streaming-app/internal/metrics/handler.go:155.67,159.2 3 0
github.com/message-streaming-app/internal/metrics/handler.go:162.84,166.2 3 0
github.com/message-streaming-app/internal/metrics/handler.go:170.47,172.29 2 0
github.com/message-streaming-app/internal/metrics/handler.go:172.29,173.41 1 0
github.com/message-streaming-app/internal/metrics/handler.go:173.41,175.4 1 0
github.com/message-streaming-app/internal/metrics/handler.go:177.2,177.11 1 0
github.com/message-streaming-app/internal/metrics/handler.go:181.71,182.46 1 0
github.com/message-streaming-app/internal/metrics/handler.go:182.46,183.72 1 0
github.com/message-streaming-app/internal/metrics/handler.go:183.72,199.4 5 0
github.com/message-streaming-app/internal/metrics/handler.go:204.97,205.46 1 0
github.com/message-streaming-app/internal/metrics/handler.go:205.46,206.72 1 0
github.com/message-streaming-app/internal/metrics/handler.go:206.72,211.24 3 0
github.com/message-streaming-app/internal/metrics/handler.go:211.24,213.65 2 0
github.com/message-streaming-app/internal/metrics/handler.go:213.65,215.6 1 0
github.com/message-streaming-app/internal/metrics/handler.go:218.4,218.42 1 0
github.com/message-streaming-app/internal/metrics/handler.go:218.42,224.5 5 0
github.com/message-streaming-app/internal/metrics/handler.go:226.4,226.24 1 0
github.com/message-streaming-app/internal/metrics/handler.go:238.48,239.16 1 0
github.com/message-streaming-app/internal/metrics/handler.go:239.16,243.3 3 0
github.com/message-streaming-app/internal/metrics/handler.go:246.55,247.16 1 0
github.com/message-streaming-app/internal/metrics/handler.go:247.16,249.3 1 0
github.com/message-streaming-app/internal/metrics/handler.go:250.2,250.34 1 0
github.com/message-streaming-app/internal/metrics/implementations.go:14.38,16.2 1 1
github.com/message-streaming-app/internal/metrics/implementations.go:19.69,20.28 1 1
github.com/message-streaming-app/internal/metrics/implementations.go:20.28,22.3 1 1
github.com/message-streaming-app/internal/metrics/implementations.go:22.8,24.3 1 1
github.com/message-streaming-app/internal/metrics/implementations.go:33.62,37.2 1 1
github.com/message-streaming-app/internal/metrics/implementations.go:40.62,41.27 1 1
github.com/message-streaming-app/internal/metrics/implementations.go:41.27,43.3 1 1
github.com/message-streaming-app/internal/metrics/implementations.go:44.2,44.33 1 1
github.com/message-streaming-app/internal/metrics/implementations.go:53.81,57.2 1 1
github.com/message-streaming-app/internal/metrics/implementations.go:60.71,62.29 2 1
github.com/message-streaming-app/internal/metrics/implementations.go:62.29,64.3 1 1
github.com/message-streaming-app/internal/metrics/implementations.go:66.2,67.54 2 1
github.com/message-streaming-app/internal/metrics/implementations.go:67.54,69.3 1 1
github.com/message-streaming-app/internal/metrics/implementations.go:70.2,70.19 1 1
github.com/message-streaming-app/internal/metrics/implementations.go:74.89,76.29 2 1
github.com/message-streaming-app/internal/metrics/implementations.go:76.29,78.3 1 1
github.com/message-streaming-app/internal/metrics/implementations.go:80.2,81.46 2 1
github.com/message-streaming-app/internal/metrics/implementations.go:81.46,83.3 1 1
github.com/message-streaming-app/internal/metrics/implementations.go:84.2,84.22 1 0
github.com/message-streaming-app/internal/metrics/implementations.go:89.77,91.29 2 1
github.com/message-streaming-app/internal/metrics/implementations.go:91.29,93.3 1 0
github.com/message-streaming-app/internal/metrics/implementations.go:95.2,98.61 2 1
github.com/message-streaming-app/internal/metrics/implementations.go:98.61,100.3 1 1
github.com/message-streaming-app/internal/metrics/implementations.go:103.2,103.57 1 1
github.com/message-streaming-app/internal/metrics/implementations.go:103.57,105.3 1 0
github.com/message-streaming-app/internal/metrics/implementations.go:107.2,107.28 1 1
github.com/message-streaming-app/internal/metrics/implementations.go:113.43,115.2 1 1
github.com/message-streaming-app/internal/metrics/implementations.go:118.64,119.26 1 1
github.com/message-streaming-app/internal/metrics/implementations.go:119.26,121.3 1 1
github.com/message-streaming-app/internal/metrics/implementations.go:122.2,123.22 2 1
github.com/message-streaming-app/internal/metrics/implementations.go:123.22,125.3 1 1
github.com/message-streaming-app/internal/metrics/implementations.go:126.2,126.26 1 1
github.com/message-streaming-app/internal/metrics/interfaces.go:56.44,57.18 1 1
github.com/message-streaming-app/internal/metrics/interfaces.go:57.18,59.3 1 1
github.com/message-streaming-app/internal/metrics/interfaces.go:60.2,60.17 1 1
github.com/message-streaming-app/internal/metrics/interfaces.go:60.17,62.3 1 1
github.com/message-streaming-app/internal/metrics/interfaces.go:63.2,63.12 1 1
github.com/message-streaming-app/internal/metrics/store_adapter.go:23.17,29.2 1 0
github.com/message-streaming-app/internal/metrics/store_adapter.go:32.72,34.2 1 0
github.com/message-streaming-app/internal/metrics/store_adapter.go:43.29,47.2 2 0
github.com/message-streaming-app/internal/metrics/store_adapter.go:50.57,52.2 1 0
github.com/message-streaming-app/internal/broker/broker.go:25.58,33.2 2 1
github.com/message-streaming-app/internal/broker/broker.go:37.44,43.16 4 0
github.com/message-streaming-app/internal/broker/broker.go:43.16,46.3 2 0
github.com/message-streaming-app/internal/broker/broker.go:48.2,55.14 5 0
github.com/message-streaming-app/internal/broker/broker.go:56.20,57.32 1 0
github.com/message-streaming-app/internal/broker/broker.go:58.20,59.32 1 0
github.com/message-streaming-app/internal/broker/broker.go:60.10,61.56 1 0
github.com/message-streaming-app/internal/broker/broker.go:66.53,70.6 3 0
github.com/message-streaming-app/internal/broker/broker.go:70.6,72.17 2 0
github.com/message-streaming-app/internal/broker/broker.go:72.17,73.21 1 0
github.com/message-streaming-app/internal/broker/broker.go:73.21,75.5 1 0
github.com/message-streaming-app/internal/broker/broker.go:76.4,76.10 1 0
github.com/message-streaming-app/internal/broker/broker.go:80.3,80.17 1 0
github.com/message-streaming-app/internal/broker/broker.go:81.18,82.37 1 0
github.com/message-streaming-app/internal/broker/broker.go:83.14,84.48 1 0
github.com/message-streaming-app/internal/broker/broker.go:84.48,86.5 1 0
github.com/message-streaming-app/internal/broker/broker.go:92.53,95.16 2 0
github.com/message-streaming-app/internal/broker/broker.go:96.17,97.36 1 0
github.com/message-streaming-app/internal/broker/broker.go:98.13,99.32 1 0
github.com/message-streaming-app/internal/broker/broker.go:104.62,113.22 4 0
github.com/message-streaming-app/internal/broker/broker.go:113.22,114.48 1 0
github.com/message-streaming-app/internal/broker/broker.go:114.48,117.4 2 0
github.com/message-streaming-app/internal/broker/broker.go:122.58,123.6 1 0
github.com/message-streaming-app/internal/broker/broker.go:123.6,125.17 2 0
github.com/message-streaming-app/internal/broker/broker.go:125.17,130.4 2 0
github.com/message-streaming-app/internal/broker/broker.go:132.3,132.48 1 0
github.com/message-streaming-app/internal/broker/broker.go:132.48,135.4 2 0
github.com/message-streaming-app/internal/broker/broker.go:140.32,141.65 1 1
github.com/message-streaming-app/internal/broker/broker.go:141.65,143.3 1 1
github.com/message-streaming-app/internal/broker/broker.go:144.2,144.10 1 1
github.com/message-streaming-app/internal/broker/broker.go:153.67,155.2 1 1
github.com/message-streaming-app/internal/broker/broker.go:158.69,160.2 1 1
github.com/message-streaming-app/internal/broker/broker.go:168.69,170.2 1 1
github.com/message-streaming-app/internal/broker/broker.go:173.63,175.2 1 1
github.com/message-streaming-app/internal/broker/consumer_registry.go:17.61,22.2 1 1
github.com/message-streaming-app/internal/broker/consumer_registry.go:25.69,33.2 6 1
github.com/message-streaming-app/internal/broker/consumer_registry.go:36.59,40.35 3 1
github.com/message-streaming-app/internal/broker/consumer_registry.go:40.35,44.3 3 1
github.com/message-streaming-app/internal/broker/consumer_registry.go:48.58,51.33 3 1
github.com/message-streaming-app/internal/broker/consumer_registry.go:51.33,53.3 1 1
github.com/message-streaming-app/internal/broker/consumer_registry.go:54.2,56.27 2 1
github.com/message-streaming-app/internal/broker/consumer_registry.go:56.27,58.10 2 1
github.com/message-streaming-app/internal/broker/consumer_registry.go:59.22,59.22 0 1
github.com/message-streaming-app/internal/broker/consumer_registry.go:60.11,61.60 1 0
github.com/message-streaming-app/internal/broker/consumer_registry.go:67.52,71.2 3 1
github.com/message-streaming-app/internal/broker/interfaces.go:18.39,19.11 1 0
github.com/message-streaming-app/internal/broker/interfaces.go:20.17,21.21 1 0
github.com/message-streaming-app/internal/broker/interfaces.go:22.13,23.17 1 0
github.com/message-streaming-app/internal/broker/interfaces.go:24.10,25.19 1 0
github.com/message-streaming-app/internal/broker/interfaces.go:30.47,31.11 1 0
github.com/message-streaming-app/internal/broker/interfaces.go:32.15,33.15 1 0
github.com/message-streaming-app/internal/broker/interfaces.go:34.19,35.19 1 0
github.com/message-streaming-app/internal/broker/interfaces.go:36.10,37.19 1 0
github.com/message-streaming-app/internal/broker/memory_queue.go:15.73,16.15 1 1
github.com/message-streaming-app/internal/broker/memory_queue.go:16.15,18.3 1 0
github.com/message-streaming-app/internal/broker/memory_queue.go:19.2,23.3 1 1
github.com/message-streaming-app/internal/broker/memory_queue.go:27.56,28.20 1 1
github.com/message-streaming-app/internal/broker/memory_queue.go:28.20,30.3 1 0
github.com/message-streaming-app/internal/broker/memory_queue.go:32.2,33.9 2 1
github.com/message-streaming-app/internal/broker/memory_queue.go:34.26,35.13 1 1
github.com/message-streaming-app/internal/broker/memory_queue.go:36.10,38.34 2 1
github.com/message-streaming-app/internal/broker/memory_queue.go:43.56,44.20 1 1
github.com/message-streaming-app/internal/broker/memory_queue.go:44.20,46.3 1 0
github.com/message-streaming-app/internal/broker/memory_queue.go:48.2,48.9 1 1
github.com/message-streaming-app/internal/broker/memory_queue.go:49.28,50.10 1 1
github.com/message-streaming-app/internal/broker/memory_queue.go:50.10,52.4 1 0
github.com/message-streaming-app/internal/broker/memory_queue.go:53.3,53.18 1 1
github.com/message-streaming-app/internal/broker/memory_queue.go:54.10,55.43 1 1
github.com/message-streaming-app/internal/broker/memory_queue.go:60.44,62.2 1 1
github.com/message-streaming-app/internal/broker/memory_queue.go:65.40,67.2 1 1
github.com/message-streaming-app/internal/broker/memory_queue.go:70.44,71.20 1 1
github.com/message-streaming-app/internal/broker/memory_queue.go:71.20,74.3 2 1
github.com/message-streaming-app/internal/broker/memory_queue.go:75.2,75.12 1 1
github.com/message-streaming-app/internal/producer/csv_reader.go:24.86,26.16 2 1
github.com/message-streaming-app/internal/producer/csv_reader.go:26.16,29.3 2 1
github.com/message-streaming-app/internal/producer/csv_reader.go:31.2,35.16 3 1
github.com/message-streaming-app/internal/producer/csv_reader.go:35.16,39.3 3 0
github.com/message-streaming-app/internal/producer/csv_reader.go:42.2,42.22 1 1
github.com/message-streaming-app/internal/producer/csv_reader.go:42.22,46.3 3 0
github.com/message-streaming-app/internal/producer/csv_reader.go:48.2,54.8 1 1
github.com/message-streaming-app/internal/producer/csv_reader.go:58.49,59.21 1 1
github.com/message-streaming-app/internal/producer/csv_reader.go:59.21,61.3 1 0
github.com/message-streaming-app/internal/producer/csv_reader.go:63.2,65.19 3 1
github.com/message-streaming-app/internal/producer/csv_reader.go:69.46,70.16 1 1
github.com/message-streaming-app/internal/producer/csv_reader.go:70.16,72.3 1 1
github.com/message-streaming-app/internal/producer/csv_reader.go:73.2,73.13 1 1
github.com/message-streaming-app/internal/producer/csv_reader.go:77.68,78.16 1 1
github.com/message-streaming-app/internal/producer/csv_reader.go:78.16,81.3 2 0
github.com/message-streaming-app/internal/producer/csv_reader.go:83.2,84.16 2 1
github.com/message-streaming-app/internal/producer/csv_reader.go:84.16,85.20 1 1
github.com/message-streaming-app/internal/producer/csv_reader.go:85.20,88.4 2 1
github.com/message-streaming-app/internal/producer/csv_reader.go:89.3,92.73 4 0
github.com/message-streaming-app/internal/producer/csv_reader.go:95.2,99.31 3 1
github.com/message-streaming-app/internal/producer/csv_reader.go:99.31,100.22 1 1
github.com/message-streaming-app/internal/producer/csv_reader.go:100.22,102.4 1 1
github.com/message-streaming-app/internal/producer/csv_reader.go:102.9,104.4 1 0
github.com/message-streaming-app/internal/producer/csv_reader.go:107.2,107.17 1 1
github.com/message-streaming-app/internal/producer/csv_reader.go:111.58,112.16 1 1
github.com/message-streaming-app/internal/producer/csv_reader.go:112.16,115.3 2 0
github.com/message-streaming-app/internal/producer/csv_reader.go:117.2,118.16 2 1
github.com/message-streaming-app/internal/producer/csv_reader.go:118.16,119.20 1 0
github.com/message-streaming-app/internal/producer/csv_reader.go:119.20,122.4 2 0
github.com/message-streaming-app/internal/producer/csv_reader.go:123.3,126.73 4 0
github.com/message-streaming-app/internal/producer/csv_reader.go:129.2,130.20 2 1
github.com/message-streaming-app/internal/producer/csv_reader.go:134.43,136.2 1 1
github.com/message-streaming-app/internal/producer/csv_reader.go:139.43,141.2 1 1
github.com/message-streaming-app/internal/producer/csv_reader.go:144.64,145.31 1 1
github.com/message-streaming-app/internal/producer/csv_reader.go:145.31,146.38 1 1
github.com/message-streaming-app/internal/producer/csv_reader.go:146.38,148.4 1 1
github.com/message-streaming-app/internal/producer/csv_reader.go:150.2,150.11 1 1
github.com/message-streaming-app/internal/producer/csv_reader.go:154.42,155.19 1 1
github.com/message-streaming-app/internal/producer/csv_reader.go:155.19,157.3 1 1
github.com/message-streaming-app/internal/producer/csv_reader.go:158.2,158.12 1 0
github.com/message-streaming-app/internal/producer/csv_reader.go:161.52,163.2 1 0
github.com/message-streaming-app/internal/producer/implementations.go:13.60,15.2 1 0
github.com/message-streaming-app/internal/producer/implementations.go:18.70,19.34 1 0
github.com/message-streaming-app/internal/producer/implementations.go:19.34,21.3 1 0
github.com/message-streaming-app/internal/producer/implementations.go:22.2,22.19 1 0
github.com/message-streaming-app/internal/producer/implementations.go:26.40,32.2 2 0
github.com/message-streaming-app/internal/producer/mocks.go:16.34,21.2 1 0
github.com/message-streaming-app/internal/producer/mocks.go:23.60,27.2 3 0
github.com/message-streaming-app/internal/producer/mocks.go:29.62,33.2 3 0
github.com/message-streaming-app/internal/producer/mocks.go:43.48,47.2 1 0
github.com/message-streaming-app/internal/producer/mocks.go:49.63,52.19 3 0
github.com/message-streaming-app/internal/producer/mocks.go:52.19,54.3 1 0
github.com/message-streaming-app/internal/producer/mocks.go:55.2,56.12 2 0
github.com/message-streaming-app/internal/producer/mocks.go:59.64,64.2 4 0
github.com/message-streaming-app/internal/producer/mocks.go:71.33,73.2 1 0
github.com/message-streaming-app/internal/producer/mocks.go:75.38,77.2 1 0
github.com/message-streaming-app/internal/producer/producer.go:22.64,27.2 1 0
github.com/message-streaming-app/internal/producer/producer.go:30.34,31.62 1 0
github.com/message-streaming-app/internal/producer/producer.go:31.62,34.3 2 0
github.com/message-streaming-app/internal/producer/producer.go:35.2,36.12 2 0
github.com/message-streaming-app/internal/producer/producer.go:40.105,43.16 2 0
github.com/message-streaming-app/internal/producer/producer.go:43.16,46.3 2 0
github.com/message-streaming-app/internal/producer/producer.go:47.2,53.29 4 0
github.com/message-streaming-app/internal/producer/producer.go:53.29,55.17 2 0
github.com/message-streaming-app/internal/producer/producer.go:55.17,56.28 1 0
github.com/message-streaming-app/internal/producer/producer.go:56.28,57.10 1 0
github.com/message-streaming-app/internal/producer/producer.go:59.4,60.62 2 0
github.com/message-streaming-app/internal/producer/producer.go:64.3,68.17 3 0
github.com/message-streaming-app/internal/producer/producer.go:68.17,70.12 2 0
github.com/message-streaming-app/internal/producer/producer.go:74.3,77.39 2 0
github.com/message-streaming-app/internal/producer/producer.go:77.39,80.4 2 0
github.com/message-streaming-app/internal/producer/producer.go:82.3,82.13 1 0
github.com/message-streaming-app/internal/producer/producer.go:85.2,86.22 2 0
github.com/message-streaming-app/internal/producer/producer.go:91.34,92.19 1 0
github.com/message-streaming-app/internal/producer/producer.go:92.19,95.57 2 0
github.com/message-streaming-app/internal/producer/producer.go:95.57,97.4 1 0
github.com/message-streaming-app/internal/producer/producer.go:99.2,99.12 1 0
github.com/message-streaming-app/internal/producer/producer.go:102.55,104.16 2 0
github.com/message-streaming-app/internal/producer/producer.go:104.16,106.3 1 0
github.com/message-streaming-app/internal/producer/producer.go:108.2,108.58 1 0
github.com/message-streaming-app/internal/producer/producer.go:108.58,110.3 1 0
github.com/message-streaming-app/internal/producer/producer.go:112.2,112.12 1 0
github.com/message-streaming-app/internal/producer/transformers.go:17.105,21.24 3 0
github.com/message-streaming-app/internal/producer/transformers.go:21.24,23.3 1 0
github.com/message-streaming-app/internal/producer/transformers.go:25.2,25.28 1 0
github.com/message-streaming-app/internal/producer/transformers.go:25.28,27.3 1 0
github.com/message-streaming-app/internal/producer/transformers.go:29.2,32.3 1 0
github.com/message-streaming-app/internal/producer/transformers.go:36.85,40.32 3 0
github.com/message-streaming-app/internal/producer/transformers.go:40.32,42.42 1 0
github.com/message-streaming-app/internal/producer/transformers.go:42.42,43.12 1 0
github.com/message-streaming-app/internal/producer/transformers.go:47.3,47.80 1 0
github.com/message-streaming-app/internal/producer/transformers.go:47.80,50.4 1 0
github.com/message-streaming-app/internal/producer/transformers.go:50.9,50.95 1 0
github.com/message-streaming-app/internal/producer/transformers.go:50.95,52.17 1 0
github.com/message-streaming-app/internal/producer/transformers.go:52.17,54.5 1 0
github.com/message-streaming-app/internal/producer/transformers.go:54.10,56.5 1 0
github.com/message-streaming-app/internal/producer/transformers.go:57.9,60.4 1 0
github.com/message-streaming-app/internal/producer/transformers.go:63.2,63.16 1 0
github.com/message-streaming-app/internal/producer/transformers.go:69.66,73.2 1 0
github.com/message-streaming-app/internal/producer/transformers.go:77.48,79.15 2 0
github.com/message-streaming-app/internal/producer/transformers.go:79.15,81.3 1 0
github.com/message-streaming-app/internal/producer/transformers.go:84.2,89.25 5 0
github.com/message-streaming-app/internal/producer/transformers.go:89.25,90.14 1 0
github.com/message-streaming-app/internal/producer/transformers.go:90.14,93.12 3 0
github.com/message-streaming-app/internal/producer/transformers.go:95.3,95.17 1 0
github.com/message-streaming-app/internal/producer/transformers.go:95.17,98.12 3 0
github.com/message-streaming-app/internal/producer/transformers.go:100.3,100.16 1 0
github.com/message-streaming-app/internal/producer/transformers.go:100.16,103.12 3 0
github.com/message-streaming-app/internal/producer/transformers.go:105.3,105.29 1 0
github.com/message-streaming-app/internal/producer/transformers.go:105.29,108.12 3 0
github.com/message-streaming-app/internal/producer/transformers.go:110.3,110.24 1 0
github.com/message-streaming-app/internal/producer/transformers.go:112.2,112.23 1 0
github.com/message-streaming-app/internal/producer/transformers.go:112.23,114.3 1 0
github.com/message-streaming-app/internal/producer/transformers.go:117.2,117.29 1 0
github.com/message-streaming-app/internal/producer/transformers.go:117.29,120.18 3 0
github.com/message-streaming-app/internal/producer/transformers.go:120.18,121.12 1 0
github.com/message-streaming-app/internal/producer/transformers.go:123.3,126.63 3 0
github.com/message-streaming-app/internal/producer/transformers.go:126.63,128.4 1 0
github.com/message-streaming-app/internal/producer/transformers.go:129.3,129.20 1 0
github.com/message-streaming-app/internal/producer/transformers.go:132.2,132.15 1 0
github.com/message-streaming-app/internal/producer/transformers.go:137.96,141.29 3 0
github.com/message-streaming-app/internal/producer/transformers.go:141.29,143.22 2 0
github.com/message-streaming-app/internal/producer/transformers.go:143.22,145.4 1 0
github.com/message-streaming-app/internal/producer/transformers.go:147.3,147.17 1 0
github.com/message-streaming-app/internal/producer/transformers.go:147.17,150.4 1 0
github.com/message-streaming-app/internal/producer/transformers.go:150.9,150.41 1 0
github.com/message-streaming-app/internal/producer/transformers.go:150.41,153.4 1 0
github.com/message-streaming-app/internal/producer/transformers.go:153.9,153.23 1 0
github.com/message-streaming-app/internal/producer/transformers.go:153.23,156.4 1 0
github.com/message-streaming-app/internal/producer/transformers.go:159.2,159.16 1 0
github.com/message-streaming-app/cmd/producer/main.go:12.13,25.16 6 0
github.com/message-streaming-app/cmd/producer/main.go:25.16,28.3 2 0
github.com/message-streaming-app/cmd/producer/main.go:29.2,33.16 3 0
github.com/message-streaming-app/cmd/producer/main.go:33.16,36.3 2 0
github.com/message-streaming-app/cmd/producer/main.go:39.2,42.37 2 0
github.com/message-streaming-app/cmd/producer/main.go:42.37,45.3 2 0
github.com/message-streaming-app/cmd/producer/main.go:49.2,50.16 2 0
github.com/message-streaming-app/cmd/producer/main.go:50.16,53.3 2 0
github.com/message-streaming-app/cmd/producer/main.go:56.2,56.37 1 0
github.com/message-streaming-app/cmd/producer/main.go:56.37,58.3 1 0
github.com/message-streaming-app/cmd/producer/main.go:60.2,60.71 1 0
github.com/message-streaming-app/internal/storage/mongodb.go:23.103,24.20 1 0
github.com/message-streaming-app/internal/storage/mongodb.go:24.20,26.3 1 0
github.com/message-streaming-app/internal/storage/mongodb.go:27.2,27.18 1 0
github.com/message-streaming-app/internal/storage/mongodb.go:27.18,29.3 1 0
github.com/message-streaming-app/internal/storage/mongodb.go:30.2,30.26 1 0
github.com/message-streaming-app/internal/storage/mongodb.go:30.26,32.3 1 0
github.com/message-streaming-app/internal/storage/mongodb.go:34.2,35.16 2 0
github.com/message-streaming-app/internal/storage/mongodb.go:35.16,37.3 1 0
github.com/message-streaming-app/internal/storage/mongodb.go:40.2,42.46 3 0
github.com/message-streaming-app/internal/storage/mongodb.go:42.46,44.3 1 0
github.com/message-streaming-app/internal/storage/mongodb.go:46.2,53.8 3 0
github.com/message-streaming-app/internal/storage/mongodb.go:57.72,65.16 5 0
github.com/message-streaming-app/internal/storage/mongodb.go:65.16,67.3 1 0
github.com/message-streaming-app/internal/storage/mongodb.go:69.2,70.12 2 0
github.com/message-streaming-app/internal/storage/mongodb.go:74.63,76.62 2 0
github.com/message-streaming-app/internal/storage/mongodb.go:76.62,78.3 1 0
github.com/message-streaming-app/internal/storage/mongodb.go:80.2,80.29 1 0
github.com/message-streaming-app/internal/storage/mongodb.go:80.29,82.3 1 0
github.com/message-streaming-app/internal/storage/mongodb.go:82.8,84.3 1 0
github.com/message-streaming-app/internal/storage/mongodb.go:86.2,86.32 1 0
github.com/message-streaming-app/internal/storage/mongodb.go:90.56,92.2 1 0
github.com/message-streaming-app/internal/storage/mongodb.go:95.71,98.16 2 0
github.com/message-streaming-app/internal/storage/mongodb.go:98.16,100.3 1 0
github.com/message-streaming-app/internal/storage/mongodb.go:103.2,104.26 2 0
github.com/message-streaming-app/internal/storage/mongodb.go:104.26,105.41 1 0
github.com/message-streaming-app/internal/storage/mongodb.go:105.41,107.4 1 0
github.com/message-streaming-app/internal/storage/mongodb.go:111.2,111.19 1 0
github.com/message-streaming-app/internal/storage/mongodb.go:111.19,113.17 2 0
github.com/message-streaming-app/internal/storage/mongodb.go:113.17,115.4 1 0
github.com/message-streaming-app/internal/storage/mongodb.go:116.3,116.26 1 0
github.com/message-streaming-app/internal/storage/mongodb.go:116.26,117.42 1 0
github.com/message-streaming-app/internal/storage/mongodb.go:117.42,119.5 1 0
github.com/message-streaming-app/internal/storage/mongodb.go:119.10,119.37 1 0
github.com/message-streaming-app/internal/storage/mongodb.go:119.37,121.5 1 0
github.com/message-streaming-app/internal/storage/mongodb.go:125.2,125.17 1 0
github.com/message-streaming-app/internal/storage/mongodb.go:130.160,132.25 2 0
github.com/message-streaming-app/internal/storage/mongodb.go:132.25,135.3 1 0
github.com/message-streaming-app/internal/storage/mongodb.go:137.2,137.32 1 0
github.com/message-streaming-app/internal/storage/mongodb.go:137.32,139.19 2 0
github.com/message-streaming-app/internal/storage/mongodb.go:139.19,141.4 1 0
github.com/message-streaming-app/internal/storage/mongodb.go:142.3,142.17 1 0
github.com/message-streaming-app/internal/storage/mongodb.go:142.17,144.4 1 0
github.com/message-streaming-app/internal/storage/mongodb.go:145.3,145.27 1 0
github.com/message-streaming-app/internal/storage/mongodb.go:149.2,150.16 2 0
github.com/message-streaming-app/internal/storage/mongodb.go:150.16,152.3 1 0
github.com/message-streaming-app/internal/storage/mongodb.go:154.2,155.16 2 0
github.com/message-streaming-app/internal/storage/mongodb.go:155.16,157.3 1 0
github.com/message-streaming-app/internal/storage/mongodb.go:158.2,159.15 2 0
github.com/message-streaming-app/internal/storage/mongodb.go:159.15,161.3 1 0
github.com/message-streaming-app/internal/storage/mongodb.go:161.8,163.3 1 0
github.com/message-streaming-app/internal/storage/mongodb.go:164.2,165.13 2 0
github.com/message-streaming-app/internal/storage/mongodb.go:165.13,167.3 1 0
github.com/message-streaming-app/internal/storage/mongodb.go:168.2,171.16 3 0
github.com/message-streaming-app/internal/storage/mongodb.go:171.16,173.3 1 0
github.com/message-streaming-app/internal/storage/mongodb.go:174.2,177.20 3 0
github.com/message-streaming-app/internal/storage/mongodb.go:177.20,179.42 2 0
github.com/message-streaming-app/internal/storage/mongodb.go:179.42,181.4 1 0
github.com/message-streaming-app/internal/storage/mongodb.go:182.3,182.33 1 0
github.com/message-streaming-app/internal/storage/mongodb.go:184.2,184.34 1 0
github.com/message-streaming-app/internal/storage/mongodb.go:184.34,186.3 1 0
github.com/message-streaming-app/internal/storage/mongodb.go:188.2,188.28 1 0
github.com/message-streaming-app/cmd/metrics/main.go:16.13,27.16 6 0
github.com/message-streaming-app/cmd/metrics/main.go:27.16,30.3 2 0
github.com/message-streaming-app/cmd/metrics/main.go:31.2,31.15 1 0
github.com/message-streaming-app/cmd/metrics/main.go:31.15,35.3 3 0
github.com/message-streaming-app/cmd/metrics/main.go:38.2,80.73 10 0
github.com/message-streaming-app/cmd/metrics/main.go:80.73,84.3 3 0
github.com/message-streaming-app/cmd/metrics/main.go:87.2,90.55 3 0
github.com/message-streaming-app/cmd/metrics/main.go:90.55,93.3 2 0
github.com/message-streaming-app/cmd/metrics/main.go:107.33,109.50 2 0
github.com/message-streaming-app/cmd/metrics/main.go:109.50,110.53 1 0
github.com/message-streaming-app/cmd/metrics/main.go:110.53,112.4 1 0
github.com/message-streaming-app/cmd/metrics/main.go:115.2,122.3 1 0
github.com/message-streaming-app/cmd/metrics/main.go:126.44,127.34 1 0
github.com/message-streaming-app/cmd/metrics/main.go:127.34,129.3 1 0
github.com/message-streaming-app/cmd/metrics/main.go:130.2,130.19 1 0
github.com/message-streaming-app/cmd/metrics/main.go:134.117,139.45 2 0
github.com/message-streaming-app/cmd/metrics/main.go:139.45,141.3 1 0
github.com/message-streaming-app/cmd/metrics/main.go:144.2,144.54 1 0
github.com/message-streaming-app/cmd/metrics/main.go:144.54,146.3 1 0
github.com/message-streaming-app/cmd/consumer/main.go:16.13,20.16 3 0
github.com/message-streaming-app/cmd/consumer/main.go:20.16,22.3 1 0
github.com/message-streaming-app/cmd/consumer/main.go:23.2,26.60 2 0
github.com/message-streaming-app/cmd/consumer/main.go:26.60,28.3 1 0
github.com/message-streaming-app/cmd/consumer/main.go:30.2,40.16 8 0
github.com/message-streaming-app/cmd/consumer/main.go:40.16,42.3 1 0
github.com/message-streaming-app/cmd/consumer/main.go:43.2,43.15 1 0
github.com/message-streaming-app/cmd/consumer/main.go:43.15,46.47 3 0
github.com/message-streaming-app/cmd/consumer/main.go:46.47,48.4 1 0
github.com/message-streaming-app/cmd/consumer/main.go:51.2,52.6 2 0
github.com/message-streaming-app/cmd/consumer/main.go:52.6,54.17 2 0
github.com/message-streaming-app/cmd/consumer/main.go:54.17,57.4 2 0
github.com/message-streaming-app/cmd/consumer/main.go:58.3,61.52 3 0
github.com/message-streaming-app/cmd/consumer/main.go:61.52,63.12 2 0
github.com/message-streaming-app/cmd/consumer/main.go:65.3,68.54 2 0
github.com/message-streaming-app/cmd/consumer/main.go:68.54,71.12 2 0
github.com/message-streaming-app/cmd/consumer/main.go:76.44,77.34 1 0
github.com/message-streaming-app/cmd/consumer/main.go:77.34,79.3 1 0
github.com/message-streaming-app/cmd/consumer/main.go:80.2,80.19 1 0
github.com/message-streaming-app/cmd/message_queue/main.go:12.13,26.16 7 0
github.com/message-streaming-app/cmd/message_queue/main.go:26.16,29.3 2 0
github.com/message-streaming-app/cmd/message_queue/main.go:30.2,35.6 3 0
github.com/message-streaming-app/cmd/message_queue/main.go:35.6,37.17 2 0
github.com/message-streaming-app/cmd/message_queue/main.go:37.17,39.12 2 0
github.com/message-streaming-app/cmd/message_queue/main.go:41.3,42.26 2 0
github.com/message-streaming-app/cmd/message_queue/main.go:45.44,46.34 1 0
github.com/message-streaming-app/cmd/message_queue/main.go:46.34,48.3 1 0
github.com/message-streaming-app/cmd/message_queue/main.go:49.2,49.19 1 0
